<?xml version="1.0" encoding="UTF-8" ?>
<testsuite tests="1" failures="0" name="ibm.maven.plugins.ace.utils.EclipseProjectUtilsTest" time="0.757" errors="0" skipped="0">
  <properties>
    <property name="java.vendor" value="IBM Corporation"/>
    <property name="sun.java.launcher" value="SUN_STANDARD"/>
    <property name="os.name" value="Windows 10"/>
    <property name="sun.boot.class.path" value="C:\Program Files\IBM\ACE\12.0.3.0\common\jdk\jre\bin\compressedrefs\jclSC180\vm.jar;C:\Program Files\IBM\ACE\12.0.3.0\common\jdk\jre\lib\se-service.jar;C:\Program Files\IBM\ACE\12.0.3.0\common\jdk\jre\lib\math.jar;C:\Program Files\IBM\ACE\12.0.3.0\common\jdk\jre\lib\ibmorb.jar;C:\Program Files\IBM\ACE\12.0.3.0\common\jdk\jre\lib\ibmorbapi.jar;C:\Program Files\IBM\ACE\12.0.3.0\common\jdk\jre\lib\ibmcfw.jar;C:\Program Files\IBM\ACE\12.0.3.0\common\jdk\jre\lib\ibmpkcs.jar;C:\Program Files\IBM\ACE\12.0.3.0\common\jdk\jre\lib\ibmcertpathfw.jar;C:\Program Files\IBM\ACE\12.0.3.0\common\jdk\jre\lib\ibmjgssfw.jar;C:\Program Files\IBM\ACE\12.0.3.0\common\jdk\jre\lib\ibmjssefw.jar;C:\Program Files\IBM\ACE\12.0.3.0\common\jdk\jre\lib\ibmsaslfw.jar;C:\Program Files\IBM\ACE\12.0.3.0\common\jdk\jre\lib\ibmjcefw.jar;C:\Program Files\IBM\ACE\12.0.3.0\common\jdk\jre\lib\ibmjgssprovider.jar;C:\Program Files\IBM\ACE\12.0.3.0\common\jdk\jre\lib\ibmjsseprovider2.jar;C:\Program Files\IBM\ACE\12.0.3.0\common\jdk\jre\lib\ibmcertpathprovider.jar;C:\Program Files\IBM\ACE\12.0.3.0\common\jdk\jre\lib\xmldsigfw.jar;C:\Program Files\IBM\ACE\12.0.3.0\common\jdk\jre\lib\xml.jar;C:\Program Files\IBM\ACE\12.0.3.0\common\jdk\jre\lib\charsets.jar;C:\Program Files\IBM\ACE\12.0.3.0\common\jdk\jre\lib\resources.jar;C:\Program Files\IBM\ACE\12.0.3.0\common\jdk\jre\lib\rt.jar;C:\Program Files\IBM\ACE\12.0.3.0\common\jdk\jre\lib\dataaccess.jar"/>
    <property name="sun.desktop" value="windows"/>
    <property name="java.vm.specification.vendor" value="Oracle Corporation"/>
    <property name="java.runtime.version" value="8.0.6.36 - pwa6480sr6fp36-20210824_02(SR6 FP36)"/>
    <property name="user.name" value="107087724"/>
    <property name="java.compiler" value="j9jit29"/>
    <property name="os.encoding" value="UTF8"/>
    <property name="guice.disable.misplaced.annotation.check" value="true"/>
    <property name="com.ibm.util.extralibs.properties" value=""/>
    <property name="com.ibm.jcl.checkClassPath" value=""/>
    <property name="user.language" value="en"/>
    <property name="com.ibm.oti.vm.bootstrap.library.path" value="C:\Program Files\IBM\ACE\12.0.3.0\common\jdk\jre\bin\compressedrefs;C:\Program Files\IBM\ACE\12.0.3.0\common\jdk\jre\bin"/>
    <property name="sun.boot.library.path" value="C:\Program Files\IBM\ACE\12.0.3.0\common\jdk\jre\bin\compressedrefs;C:\Program Files\IBM\ACE\12.0.3.0\common\jdk\jre\bin"/>
    <property name="classworlds.conf" value="C:\Users\ChristophWeiss\IBM\ACET12\workspace_maven\.metadata\.plugins\org.eclipse.m2e.launching\launches\m2conf3675150870354140803.tmp"/>
    <property name="java.version" value="1.8.0_301"/>
    <property name="user.timezone" value="Europe/Berlin"/>
    <property name="com.ibm.system.agent.path" value="C:\Program Files\IBM\ACE\12.0.3.0\common\jdk\jre\bin"/>
    <property name="sun.arch.data.model" value="64"/>
    <property name="com.ibm.zero.version" value="2"/>
    <property name="java.endorsed.dirs" value="C:\Program Files\IBM\ACE\12.0.3.0\common\jdk\jre\lib\endorsed"/>
    <property name="com.ibm.oti.vm.library.version" value="29"/>
    <property name="sun.jnu.encoding" value="Cp1252"/>
    <property name="file.encoding.pkg" value="sun.io"/>
    <property name="file.separator" value="\"/>
    <property name="java.specification.name" value="Java Platform API Specification"/>
    <property name="java.class.version" value="52.0"/>
    <property name="user.country" value="DE"/>
    <property name="java.home" value="C:\Program Files\IBM\ACE\12.0.3.0\common\jdk\jre"/>
    <property name="java.vm.info" value="JRE 1.8.0 Windows 10 amd64-64-Bit Compressed References 20210824_12036 (JIT enabled, AOT enabled)
OpenJ9   - 7bb9176
OMR      - 820a5aa
IBM      - dc8f23e"/>
    <property name="os.version" value="10.0"/>
    <property name="java.awt.fonts" value=""/>
    <property name="path.separator" value=";"/>
    <property name="java.vm.version" value="2.9"/>
    <property name="user.variant" value=""/>
    <property name="java.awt.printerjob" value="sun.awt.windows.WPrinterJob"/>
    <property name="sun.io.unicode.encoding" value="UnicodeLittle"/>
    <property name="awt.toolkit" value="sun.awt.windows.WToolkit"/>
    <property name="java.lang.stringBuffer.growAggressively" value="false"/>
    <property name="ibm.signalhandling.sigint" value="true"/>
    <property name="user.home" value="C:\Users\ChristophWeiss"/>
    <property name="com.ibm.cpu.endian" value="little"/>
    <property name="java.specification.vendor" value="Oracle Corporation"/>
    <property name="ibm.signalhandling.sigchain" value="true"/>
    <property name="java.library.path" value="C:\Program Files\IBM\ACE\12.0.3.0\common\jdk\jre\bin\compressedrefs;C:\Program Files\IBM\ACE\12.0.3.0\common\jdk\jre\bin;C:\WINDOWS\system32;C:\WINDOWS;C:\Program Files\IBM\ACE\12.0.3.0\;C:\Program Files\IBM\ACE\12.0.3.0\server\bin;C:\Program Files\IBM\ACE\12.0.3.0\tools;C:\Program Files\IBM\ACE\12.0.3.0\common\jdk\jre\bin;C:\Program Files\IBM\ACE\12.0.3.0\common\jdk\jre\lib\icc;C:\ProgramData\IBM\MQSI\extensions\12.0.3\server\bin;C:\ProgramData\IBM\MQSI\extensions\12.0.3\bin;C:\Program Files\IBM\ACE\12.0.3.0\server\bin;C:\Program Files\IBM\ACE\12.0.3.0\common\node;C:\Program Files\IBM\ACE\12.0.3.0\tools;C:\WINDOWS\system32;C:\WINDOWS;C:\WINDOWS\System32\Wbem;C:\WINDOWS\System32\WindowsPowerShell\v1.0\;C:\WINDOWS\System32\OpenSSH\;C:\Program Files (x86)\Box\Box Edit\;C:\Program Files\Git\cmd;C:\data\dev\apache-maven-3.6.3\bin;C:\data\dev\oc_4.3;C:\Program Files\nodejs\;C:\data\dev\helm2;C:\data\dev\openjdk11\openjdk-11+28_windows-x64_bin\jdk-11\bin;C:\WINDOWS\system32;C:\WINDOWS;C:\WINDOWS\System32\Wbem;C:\WINDOWS\System32\WindowsPowerShell\v1.0\;C:\WINDOWS\System32\OpenSSH\;C:\Program Files (x86)\Box\Box Edit\;C:\Program Files\Git\cmd;C:\data\dev\apache-maven-3.6.3\bin;C:\data\dev\oc_4.3;C:\Program Files\nodejs\;C:\data\dev\helm2;C:\Program Files\Docker\Docker\resources\bin;C:\ProgramData\DockerDesktop\version-bin;C:\data\dev\openjdk11\openjdk-11+28_windows-x64_bin\jdk-11\bin;C:\Users\ChristophWeiss\AppData\Local\Microsoft\WindowsApps;C:\Users\ChristophWeiss\AppData\Roaming\npm;C:\Program Files\IBM\Cloud\bin;C:\Users\ChristophWeiss\tektoncd\cli;."/>
    <property name="java.vendor.url" value="http://www.ibm.com"/>
    <property name="java.vm.vendor" value="IBM Corporation"/>
    <property name="java.fullversion" value="8.0.6.36 - pwa6480sr6fp36-20210824_02(SR6 FP36)
JRE 1.8.0 Windows 10 amd64-64-Bit Compressed References 20210824_12036 (JIT enabled, AOT enabled)
OpenJ9   - 7bb9176
OMR      - 820a5aa
IBM      - dc8f23e"/>
    <property name="maven.home" value="C:\data\dev\git\ace-maven-plugin\ace-maven-plugin\EMBEDDED"/>
    <property name="java.runtime.name" value="Java(TM) SE Runtime Environment"/>
    <property name="sun.java.command" value="org.codehaus.plexus.classworlds.launcher.Launcher -B clean install"/>
    <property name="java.class.path" value="C:\Program Files\IBM\ACE\12.0.3.0\tools\plugins\org.eclipse.m2e.maven.runtime_1.15.0.20200310-1832\jars\plexus-classworlds-2.6.0.jar"/>
    <property name="java.vm.specification.name" value="Java Virtual Machine Specification"/>
    <property name="java.vm.specification.version" value="1.8"/>
    <property name="sun.cpu.endian" value="little"/>
    <property name="java.io.tmpdir" value="C:\Users\CHRIST~1\AppData\Local\Temp\"/>
    <property name="maven.multiModuleProjectDirectory" value="C:\data\dev\git\ace-maven-plugin\ace-maven-plugin"/>
    <property name="ibm.system.encoding" value="Cp1252"/>
    <property name="os.arch" value="amd64"/>
    <property name="java.awt.graphicsenv" value="sun.awt.Win32GraphicsEnvironment"/>
    <property name="ibm.signalhandling.rs" value="false"/>
    <property name="java.ext.dirs" value="C:\Program Files\IBM\ACE\12.0.3.0\common\jdk\jre\lib\ext"/>
    <property name="user.dir" value="C:\data\dev\git\ace-maven-plugin\ace-maven-plugin"/>
    <property name="line.separator" value="
"/>
    <property name="java.vm.name" value="IBM J9 VM"/>
    <property name="com.ibm.oti.shared.enabled" value="false"/>
    <property name="com.ibm.vm.bitmode" value="64"/>
    <property name="file.encoding" value="UTF8"/>
    <property name="com.ibm.oti.configuration" value="scar"/>
    <property name="java.specification.version" value="1.8"/>
  </properties>
  <testcase classname="ibm.maven.plugins.ace.utils.EclipseProjectUtilsTest" name="unmarshallEclipseProjectFileTest" time="0.757"/>
</testsuite>